<?xml version="1.0" encoding="UTF-8"?>
<!-- Generated by org.testng.reporters.JUnitReportReporter -->
<testsuite hostname="DESKTOP-6QCP0R9" failures="0" tests="1" name="Testlayer.Loginfunctionality" time="0.799" errors="0" timestamp="2023-08-16T14:37:08 IST" skipped="0">
  <testcase classname="Testlayer.Loginfunctionality" name="loginfunctest" time="0.799"/>
  <system-out/>
</testsuite> <!-- Testlayer.Loginfunctionality -->
