<?xml version="1.0" encoding="UTF-8"?>
<!-- Generated by org.testng.reporters.JUnitReportReporter -->
<testsuite hostname="DESKTOP-6QCP0R9" failures="0" tests="9" name="Testlayer.Addemp" time="197.080" errors="0" timestamp="2023-08-16T14:37:08 IST" skipped="0">
  <testcase classname="Testlayer.Addemp" name="addemptest" time="21.551"/>
  <system-out/>
  <testcase classname="Testlayer.Addemp" name="addemptest" time="20.787"/>
  <system-out/>
  <testcase classname="Testlayer.Addemp" name="addemptest" time="21.597"/>
  <system-out/>
  <testcase classname="Testlayer.Addemp" name="addemptest" time="22.555"/>
  <system-out/>
  <testcase classname="Testlayer.Addemp" name="addemptest" time="21.869"/>
  <system-out/>
  <testcase classname="Testlayer.Addemp" name="addemptest" time="22.544"/>
  <system-out/>
  <testcase classname="Testlayer.Addemp" name="addemptest" time="22.127"/>
  <system-out/>
  <testcase classname="Testlayer.Addemp" name="addemptest" time="22.750"/>
  <system-out/>
  <testcase classname="Testlayer.Addemp" name="addemptest" time="21.300"/>
  <system-out/>
</testsuite> <!-- Testlayer.Addemp -->
